Arguments: 
  C:\Program Files\nodejs\node.exe C:\Program Files (x86)\Yarn\bin\yarn.js add prettier --dev

PATH: 
  C:\Program Files (x86)\Intel\iCLS Client\;C:\Program Files\Intel\iCLS Client\;C:\WINDOWS\system32;C:\WINDOWS;C:\WINDOWS\System32\Wbem;C:\WINDOWS\System32\WindowsPowerShell\v1.0\;C:\Program Files\Git\cmd;C:\ProgramData\chocolatey\bin;C:\ProgramData\nvm;C:\Program Files\nodejs;C:\Program Files\TortoiseGit\bin;C:\Program Files (x86)\Intel\Intel(R) Management Engine Components\DAL;C:\Program Files\Intel\Intel(R) Management Engine Components\DAL;C:\Program Files (x86)\Intel\Intel(R) Management Engine Components\IPT;C:\Program Files\Intel\Intel(R) Management Engine Components\IPT;C:\Program Files (x86)\Yarn\bin;C:\Program Files\Amazon\AWSCLI\;C:\Users\avesb\AppData\Local\Microsoft\WindowsApps;C:\Program Files (x86)\Microsoft VS Code\bin;C:\Program Files (x86)\Google\Chrome\Application;C:\Users\avesb\AppData\Local\Yarn\bin

Yarn version: 
  1.3.2

Node version: 
  8.9.1

Platform: 
  win32 x64

npm manifest: 
  {
    "name": "firebase",
    "version": "0.0.0",
    "license": "MIT",
    "angular-cli": {},
    "scripts": {
      "ng": "ng",
      "start": "ng serve",
      "test": "ng test --browsers=PhantomJS --single-run --code-coverage",
      "test:debug": "ng test --browsers=Chrome --no-single-run",
      "lint": "ng lint",
      "e2e": "ng e2e",
      "build": "npm run build:prod",
      "build:prod": "ng build --prod --aot",
      "deploy": "firebase deploy",
      "build-deploy": "npm run build && npm run deploy"
    },
    "private": true,
    "dependencies": {
      "@angular/common": "^5.0.0",
      "@angular/compiler": "^5.0.0",
      "@angular/core": "^5.0.0",
      "@angular/forms": "^5.0.0",
      "@angular/http": "^5.0.0",
      "@angular/platform-browser": "^5.0.0",
      "@angular/platform-browser-dynamic": "^5.0.0",
      "@angular/router": "^5.0.0",
      "@ngrx/effects": "^4.0.0",
      "@ngrx/router-store": "^4.0.0",
      "@ngrx/store": "^4.0.0",
      "angularfire2": "^5.0.0",
      "bootstrap": "^3.3.7",
      "bootstrap-social": "^5.1.1",
      "core-js": "^2.4.1",
      "firebase": "latest",
      "font-awesome": "^4.7.0",
      "ngrx-store-localstorage": "^0.1.5",
      "rxjs": "latest",
      "zone.js": "^0.7.6"
    },
    "devDependencies": {
      "@angular/cli": "latest",
      "@angular/compiler-cli": "latest",
      "@types/jasmine": "2.5.38",
      "@types/node": "~6.0.60",
      "codelyzer": "~2.0.0-beta.4",
      "firebase-tools": "^3.5.0",
      "jasmine-core": "~2.5.2",
      "jasmine-spec-reporter": "~3.2.0",
      "karma": "~1.4.1",
      "karma-chrome-launcher": "~2.0.0",
      "karma-cli": "~1.0.1",
      "karma-coverage-istanbul-reporter": "^0.2.0",
      "karma-jasmine": "~1.1.0",
      "karma-jasmine-html-reporter": "^0.2.2",
      "karma-phantomjs-launcher": "^1.0.4",
      "protractor": "~5.1.0",
      "ts-node": "~2.0.0",
      "tslint": "~4.4.2",
      "typescript": "^2.6"
    }
  }

yarn manifest: 
  No manifest

Lockfile: 
  No lockfile

Trace: 
  Error: connect ETIMEDOUT 151.101.28.162:443
      at Object._errnoException (util.js:1024:11)
      at _exceptionWithHostPort (util.js:1046:20)
      at TCPConnectWrap.afterConnect [as oncomplete] (net.js:1182:14)
